2022-08-12 15:11:04 [@e915653474f3]
CSRF check failed for User ID:  at /front/login.php2022-08-12 15:11:11 [@e915653474f3]
CSRF check failed for User ID:  at /front/login.php2022-08-15 13:58:10 [2@e915653474f3]
CSRF check failed for User ID: 2 at /front/profile.form.php2022-08-15 14:02:45 [@e915653474f3]
CSRF check failed for User ID:  at /front/login.php2022-08-15 14:02:51 [@e915653474f3]
CSRF check failed for User ID:  at /front/login.php2022-08-15 14:03:38 [@e915653474f3]
CSRF check failed for User ID:  at /front/login.php2022-08-15 14:42:03 [@e915653474f3]
CSRF check failed for User ID:  at /front/login.php2022-08-15 14:56:40 [2@e915653474f3]
User ID: 2 tried to access or perform an action on /front/user.form.php with insufficient rights. Additional information: User failed a can* method check for right 4 (unknown right name) on item Type: Group_User ID: -1
	Stack Trace:
		/var/www/src/CommonDBTM.php:2946 displayRightError()
		/var/www/front/user.form.php:138 check()
2022-08-15 15:16:32 [8@e915653474f3]
CSRF check failed for User ID: 8 at /front/login.php2022-08-15 15:16:43 [8@e915653474f3]
CSRF check failed for User ID: 8 at /front/login.php2022-08-15 15:16:57 [@e915653474f3]
CSRF check failed for User ID:  at /front/login.php2022-08-15 15:17:02 [@e915653474f3]
CSRF check failed for User ID:  at /front/login.php2022-08-15 15:20:35 [2@e915653474f3]
CSRF check failed for User ID: 2 at /front/massiveaction.php2022-08-15 15:31:25 [2@e915653474f3]
CSRF check failed for User ID: 2 at /front/massiveaction.php2022-08-15 15:31:29 [2@e915653474f3]
CSRF check failed for User ID: 2 at /front/massiveaction.php2022-08-15 17:23:32 [@e915653474f3]
CSRF check failed for User ID:  at /ajax/central.php2022-08-15 17:23:32 [@e915653474f3]
CSRF check failed for User ID:  at /ajax/central.php2022-08-15 17:23:32 [@e915653474f3]
CSRF check failed for User ID:  at /ajax/central.php2022-08-15 17:23:32 [@e915653474f3]
CSRF check failed for User ID:  at /ajax/central.php2022-08-15 17:23:33 [@e915653474f3]
CSRF check failed for User ID:  at /ajax/central.php2022-08-15 17:23:33 [@e915653474f3]
CSRF check failed for User ID:  at /ajax/central.php2022-08-15 17:23:33 [@e915653474f3]
CSRF check failed for User ID:  at /ajax/central.php2022-08-15 17:23:34 [@e915653474f3]
CSRF check failed for User ID:  at /ajax/central.php2022-08-15 17:23:34 [@e915653474f3]
CSRF check failed for User ID:  at /ajax/central.php2022-08-15 17:23:34 [@e915653474f3]
CSRF check failed for User ID:  at /ajax/central.php2022-08-15 17:23:34 [@e915653474f3]
CSRF check failed for User ID:  at /ajax/central.php2022-08-15 17:23:34 [@e915653474f3]
CSRF check failed for User ID:  at /ajax/central.php2022-08-15 17:38:50 [12@e915653474f3]
CSRF check failed for User ID: 12 at /front/login.php2022-08-15 17:38:54 [12@e915653474f3]
CSRF check failed for User ID: 12 at /front/login.php2022-08-15 17:47:41 [12@e915653474f3]
CSRF check failed for User ID: 12 at /front/login.php2022-08-16 13:35:19 [2@e915653474f3]
CSRF check failed for User ID: 2 at /front/massiveaction.php2022-08-18 14:37:55 [2@e915653474f3]
CSRF check failed for User ID: 2 at /front/plugin.form.php2022-08-18 14:37:59 [2@e915653474f3]
CSRF check failed for User ID: 2 at /front/plugin.form.php2022-08-18 14:38:05 [2@e915653474f3]
CSRF check failed for User ID: 2 at /front/plugin.form.php2022-08-19 13:24:02 [2@e915653474f3]
CSRF check failed for User ID: 2 at /front/login.php2022-08-19 13:24:03 [2@e915653474f3]
CSRF check failed for User ID: 2 at /front/login.php2022-08-19 14:05:40 [@e915653474f3]
CSRF check failed for User ID:  at /ajax/dashboard.php2022-08-19 14:05:43 [@e915653474f3]
CSRF check failed for User ID:  at /ajax/dashboard.php2022-08-19 14:08:23 [@e915653474f3]
CSRF check failed for User ID:  at /ajax/dashboard.php2022-08-19 17:49:09 [2@e915653474f3]
User ID: 2 tried to access or perform an action on /front/user.form.php with insufficient rights. Additional information: User failed a can* method check for right 4 (unknown right name) on item Type: Group_User ID: -1
	Stack Trace:
		/var/www/src/CommonDBTM.php:2946 displayRightError()
		/var/www/front/user.form.php:138 check()
